0 info it worked if it ends with ok
1 verbose cli [ '/Users/gigiz/.nvm/versions/node/v6.11.0/bin/node',
1 verbose cli   '/Users/gigiz/.nvm/versions/node/v6.11.0/bin/npm',
1 verbose cli   'i',
1 verbose cli   'jsdom/lib/old-api' ]
2 info using npm@3.10.10
3 info using node@v6.11.0
4 silly loadCurrentTree Starting
5 silly install loadCurrentTree
6 silly install readLocalPackageData
7 silly fetchPackageMetaData jsdom/lib/old-api
8 silly fetchOtherPackageData jsdom/lib/old-api
9 silly cache add args [ 'jsdom/lib/old-api', null ]
10 verbose cache add spec jsdom/lib/old-api
11 silly cache add parsed spec Result {
11 silly cache add   raw: 'jsdom/lib/old-api',
11 silly cache add   scope: null,
11 silly cache add   escapedName: null,
11 silly cache add   name: null,
11 silly cache add   rawSpec: 'jsdom/lib/old-api',
11 silly cache add   spec: '/Users/gigiz/Documents/mywork/dldcatalog/jsdom/lib/old-api',
11 silly cache add   type: 'local' }
12 error addLocal Could not install /Users/gigiz/Documents/mywork/dldcatalog/jsdom/lib/old-api
13 silly fetchPackageMetaData Error: ENOENT: no such file or directory, open '/Users/gigiz/Documents/mywork/dldcatalog/jsdom/lib/old-api'
13 silly fetchPackageMetaData     at Error (native)
13 silly fetchPackageMetaData  error for jsdom/lib/old-api { Error: ENOENT: no such file or directory, open '/Users/gigiz/Documents/mywork/dldcatalog/jsdom/lib/old-api'
13 silly fetchPackageMetaData     at Error (native)
13 silly fetchPackageMetaData   errno: -2,
13 silly fetchPackageMetaData   code: 'ENOENT',
13 silly fetchPackageMetaData   syscall: 'open',
13 silly fetchPackageMetaData   path: '/Users/gigiz/Documents/mywork/dldcatalog/jsdom/lib/old-api' }
14 silly rollbackFailedOptional Starting
15 silly rollbackFailedOptional Finishing
16 silly runTopLevelLifecycles Finishing
17 silly install printInstalled
18 verbose stack Error: ENOENT: no such file or directory, open '/Users/gigiz/Documents/mywork/dldcatalog/jsdom/lib/old-api'
18 verbose stack     at Error (native)
19 verbose cwd /Users/gigiz/Documents/mywork/dldcatalog
20 error Darwin 18.0.0
21 error argv "/Users/gigiz/.nvm/versions/node/v6.11.0/bin/node" "/Users/gigiz/.nvm/versions/node/v6.11.0/bin/npm" "i" "jsdom/lib/old-api"
22 error node v6.11.0
23 error npm  v3.10.10
24 error path /Users/gigiz/Documents/mywork/dldcatalog/jsdom/lib/old-api
25 error code ENOENT
26 error errno -2
27 error syscall open
28 error enoent ENOENT: no such file or directory, open '/Users/gigiz/Documents/mywork/dldcatalog/jsdom/lib/old-api'
29 error enoent ENOENT: no such file or directory, open '/Users/gigiz/Documents/mywork/dldcatalog/jsdom/lib/old-api'
29 error enoent This is most likely not a problem with npm itself
29 error enoent and is related to npm not being able to find a file.
30 verbose exit [ -2, true ]
